E:\LCD\Server Client Source 3-20th2015\Server\Messenger\Messenger___Win32_HOLYLANCE_USA\cl.command.1.tlog
E:\LCD\Server Client Source 3-20th2015\Server\Messenger\Messenger___Win32_HOLYLANCE_USA\CL.read.1.tlog
E:\LCD\Server Client Source 3-20th2015\Server\Messenger\Messenger___Win32_HOLYLANCE_USA\CL.write.1.tlog
E:\LCD\SERVER CLIENT SOURCE 3-20TH2015\SERVER\MESSENGER\MESSENGER___WIN32_HOLYLANCE_USA\CMD.OBJ
E:\LCD\SERVER CLIENT SOURCE 3-20TH2015\SERVER\MESSENGER\MESSENGER___WIN32_HOLYLANCE_USA\CMD.SBR
E:\LCD\SERVER CLIENT SOURCE 3-20TH2015\SERVER\MESSENGER\MESSENGER___WIN32_HOLYLANCE_USA\CMDMSG.OBJ
E:\LCD\SERVER CLIENT SOURCE 3-20TH2015\SERVER\MESSENGER\MESSENGER___WIN32_HOLYLANCE_USA\CMDMSG.SBR
E:\LCD\SERVER CLIENT SOURCE 3-20TH2015\SERVER\MESSENGER\MESSENGER___WIN32_HOLYLANCE_USA\CONFIGFILE.OBJ
E:\LCD\SERVER CLIENT SOURCE 3-20TH2015\SERVER\MESSENGER\MESSENGER___WIN32_HOLYLANCE_USA\CONFIGFILE.SBR
E:\LCD\SERVER CLIENT SOURCE 3-20TH2015\SERVER\MESSENGER\MESSENGER___WIN32_HOLYLANCE_USA\DESCRIPTOR.OBJ
E:\LCD\SERVER CLIENT SOURCE 3-20TH2015\SERVER\MESSENGER\MESSENGER___WIN32_HOLYLANCE_USA\DESCRIPTOR.SBR
E:\LCD\SERVER CLIENT SOURCE 3-20TH2015\SERVER\MESSENGER\MESSENGER___WIN32_HOLYLANCE_USA\DOFUNC.OBJ
E:\LCD\SERVER CLIENT SOURCE 3-20TH2015\SERVER\MESSENGER\MESSENGER___WIN32_HOLYLANCE_USA\DOFUNC.SBR
E:\LCD\SERVER CLIENT SOURCE 3-20TH2015\SERVER\MESSENGER\MESSENGER___WIN32_HOLYLANCE_USA\GMTOOLINMESSENGER.OBJ
E:\LCD\SERVER CLIENT SOURCE 3-20TH2015\SERVER\MESSENGER\MESSENGER___WIN32_HOLYLANCE_USA\GMTOOLINMESSENGER.SBR
E:\LCD\Server Client Source 3-20th2015\Server\Messenger\Messenger___Win32_HOLYLANCE_USA\link.10096.read.1.tlog
E:\LCD\Server Client Source 3-20th2015\Server\Messenger\Messenger___Win32_HOLYLANCE_USA\link.10096.write.1.tlog
E:\LCD\Server Client Source 3-20th2015\Server\Messenger\Messenger___Win32_HOLYLANCE_USA\link.10796.read.1.tlog
E:\LCD\Server Client Source 3-20th2015\Server\Messenger\Messenger___Win32_HOLYLANCE_USA\link.10796.write.1.tlog
E:\LCD\Server Client Source 3-20th2015\Server\Messenger\Messenger___Win32_HOLYLANCE_USA\link.13180.read.1.tlog
E:\LCD\Server Client Source 3-20th2015\Server\Messenger\Messenger___Win32_HOLYLANCE_USA\link.13180.write.1.tlog
E:\LCD\Server Client Source 3-20th2015\Server\Messenger\Messenger___Win32_HOLYLANCE_USA\link.14364.read.1.tlog
E:\LCD\Server Client Source 3-20th2015\Server\Messenger\Messenger___Win32_HOLYLANCE_USA\link.14364.write.1.tlog
E:\LCD\Server Client Source 3-20th2015\Server\Messenger\Messenger___Win32_HOLYLANCE_USA\link.15880.read.1.tlog
E:\LCD\Server Client Source 3-20th2015\Server\Messenger\Messenger___Win32_HOLYLANCE_USA\link.15880.write.1.tlog
E:\LCD\Server Client Source 3-20th2015\Server\Messenger\Messenger___Win32_HOLYLANCE_USA\link.15908.read.1.tlog
E:\LCD\Server Client Source 3-20th2015\Server\Messenger\Messenger___Win32_HOLYLANCE_USA\link.15908.write.1.tlog
E:\LCD\Server Client Source 3-20th2015\Server\Messenger\Messenger___Win32_HOLYLANCE_USA\link.17872.read.1.tlog
E:\LCD\Server Client Source 3-20th2015\Server\Messenger\Messenger___Win32_HOLYLANCE_USA\link.17872.write.1.tlog
E:\LCD\Server Client Source 3-20th2015\Server\Messenger\Messenger___Win32_HOLYLANCE_USA\link.19368.read.1.tlog
E:\LCD\Server Client Source 3-20th2015\Server\Messenger\Messenger___Win32_HOLYLANCE_USA\link.19368.write.1.tlog
E:\LCD\Server Client Source 3-20th2015\Server\Messenger\Messenger___Win32_HOLYLANCE_USA\link.22312.read.1.tlog
E:\LCD\Server Client Source 3-20th2015\Server\Messenger\Messenger___Win32_HOLYLANCE_USA\link.22312.write.1.tlog
E:\LCD\Server Client Source 3-20th2015\Server\Messenger\Messenger___Win32_HOLYLANCE_USA\link.23060.read.1.tlog
E:\LCD\Server Client Source 3-20th2015\Server\Messenger\Messenger___Win32_HOLYLANCE_USA\link.23060.write.1.tlog
E:\LCD\Server Client Source 3-20th2015\Server\Messenger\Messenger___Win32_HOLYLANCE_USA\link.23304.read.1.tlog
E:\LCD\Server Client Source 3-20th2015\Server\Messenger\Messenger___Win32_HOLYLANCE_USA\link.23304.write.1.tlog
E:\LCD\Server Client Source 3-20th2015\Server\Messenger\Messenger___Win32_HOLYLANCE_USA\link.23932.read.1.tlog
E:\LCD\Server Client Source 3-20th2015\Server\Messenger\Messenger___Win32_HOLYLANCE_USA\link.23932.write.1.tlog
E:\LCD\Server Client Source 3-20th2015\Server\Messenger\Messenger___Win32_HOLYLANCE_USA\link.24708.read.1.tlog
E:\LCD\Server Client Source 3-20th2015\Server\Messenger\Messenger___Win32_HOLYLANCE_USA\link.24708.write.1.tlog
E:\LCD\Server Client Source 3-20th2015\Server\Messenger\Messenger___Win32_HOLYLANCE_USA\link.26384.read.1.tlog
E:\LCD\Server Client Source 3-20th2015\Server\Messenger\Messenger___Win32_HOLYLANCE_USA\link.26384.write.1.tlog
E:\LCD\Server Client Source 3-20th2015\Server\Messenger\Messenger___Win32_HOLYLANCE_USA\link.3844.read.1.tlog
E:\LCD\Server Client Source 3-20th2015\Server\Messenger\Messenger___Win32_HOLYLANCE_USA\link.3844.write.1.tlog
E:\LCD\Server Client Source 3-20th2015\Server\Messenger\Messenger___Win32_HOLYLANCE_USA\link.7120.read.1.tlog
E:\LCD\Server Client Source 3-20th2015\Server\Messenger\Messenger___Win32_HOLYLANCE_USA\link.7120.write.1.tlog
E:\LCD\Server Client Source 3-20th2015\Server\Messenger\Messenger___Win32_HOLYLANCE_USA\link.7216.read.1.tlog
E:\LCD\Server Client Source 3-20th2015\Server\Messenger\Messenger___Win32_HOLYLANCE_USA\link.7216.write.1.tlog
E:\LCD\Server Client Source 3-20th2015\Server\Messenger\Messenger___Win32_HOLYLANCE_USA\link.7432.read.1.tlog
E:\LCD\Server Client Source 3-20th2015\Server\Messenger\Messenger___Win32_HOLYLANCE_USA\link.7432.write.1.tlog
E:\LCD\Server Client Source 3-20th2015\Server\Messenger\Messenger___Win32_HOLYLANCE_USA\link.7500.read.1.tlog
E:\LCD\Server Client Source 3-20th2015\Server\Messenger\Messenger___Win32_HOLYLANCE_USA\link.7500.write.1.tlog
E:\LCD\Server Client Source 3-20th2015\Server\Messenger\Messenger___Win32_HOLYLANCE_USA\link.command.1.tlog
E:\LCD\Server Client Source 3-20th2015\Server\Messenger\Messenger___Win32_HOLYLANCE_USA\link.read.1.tlog
E:\LCD\Server Client Source 3-20th2015\Server\Messenger\Messenger___Win32_HOLYLANCE_USA\link.write.1.tlog
E:\LCD\Server Client Source 3-20th2015\Server\Messenger\Messenger___Win32_HOLYLANCE_USA\Messenger.exe.embed.manifest
E:\LCD\SERVER CLIENT SOURCE 3-20TH2015\SERVER\MESSENGER\MESSENGER___WIN32_HOLYLANCE_USA\MESSENGER.EXE.EMBED.MANIFEST.RES
E:\LCD\Server Client Source 3-20th2015\Server\Messenger\Messenger___Win32_HOLYLANCE_USA\Messenger.exp
E:\LCD\SERVER CLIENT SOURCE 3-20TH2015\SERVER\MESSENGER\MESSENGER___WIN32_HOLYLANCE_USA\MESSENGER.OBJ
E:\LCD\SERVER CLIENT SOURCE 3-20TH2015\SERVER\MESSENGER\MESSENGER___WIN32_HOLYLANCE_USA\MESSENGER.SBR
E:\LCD\Server Client Source 3-20th2015\Server\Messenger\Messenger___Win32_HOLYLANCE_USA\Messenger.vcxprojResolveAssemblyReference.cache
E:\LCD\Server Client Source 3-20th2015\Server\Messenger\Messenger___Win32_HOLYLANCE_USA\Messenger.write.1.tlog
E:\LCD\Server Client Source 3-20th2015\Server\Messenger\Messenger___Win32_HOLYLANCE_USA\Messenger_manifest.rc
E:\LCD\Server Client Source 3-20th2015\Server\Messenger\Messenger___Win32_HOLYLANCE_USA\rc.command.1.tlog
E:\LCD\Server Client Source 3-20th2015\Server\Messenger\Messenger___Win32_HOLYLANCE_USA\rc.read.1.tlog
E:\LCD\Server Client Source 3-20th2015\Server\Messenger\Messenger___Win32_HOLYLANCE_USA\rc.write.1.tlog
E:\LCD\SERVER CLIENT SOURCE 3-20TH2015\SERVER\MESSENGER\MESSENGER___WIN32_HOLYLANCE_USA\SERVER.OBJ
E:\LCD\SERVER CLIENT SOURCE 3-20TH2015\SERVER\MESSENGER\MESSENGER___WIN32_HOLYLANCE_USA\SERVER.SBR
E:\LCD\SERVER CLIENT SOURCE 3-20TH2015\SERVER\MESSENGER\MESSENGER___WIN32_HOLYLANCE_USA\SUBHELPERINMESSENGER.OBJ
E:\LCD\SERVER CLIENT SOURCE 3-20TH2015\SERVER\MESSENGER\MESSENGER___WIN32_HOLYLANCE_USA\SUBHELPERINMESSENGER.SBR
E:\LCD\SERVER CLIENT SOURCE 3-20TH2015\SERVER\MESSENGER\MESSENGER___WIN32_HOLYLANCE_USA\UTILS.OBJ
E:\LCD\SERVER CLIENT SOURCE 3-20TH2015\SERVER\MESSENGER\MESSENGER___WIN32_HOLYLANCE_USA\UTILS.SBR
E:\LCD\Server Client Source 3-20th2015\Server\Messenger\Messenger___Win32_HOLYLANCE_USA\vc100.idb
E:\LCD\SERVER CLIENT SOURCE 3-20TH2015\SERVER\MESSENGER\MESSENGER___WIN32_HOLYLANCE_USA\VC100.PDB
