.\SubHelper___Win32_WORLD_TOURNAMENT0\SubHelper.pdb
E:\LCD\Server Client Source 3-20th2015\Server\SubHelper\.\SubHelper___Win32_WORLD_TOURNAMENT0\SubHelper.exe.intermediate.manifest
E:\LCD\Server Client Source 3-20th2015\Server\SubHelper\SubHelper___Win32_WORLD_TOURNAMENT0\cl.command.1.tlog
E:\LCD\Server Client Source 3-20th2015\Server\SubHelper\SubHelper___Win32_WORLD_TOURNAMENT0\CL.read.1.tlog
E:\LCD\Server Client Source 3-20th2015\Server\SubHelper\SubHelper___Win32_WORLD_TOURNAMENT0\CL.write.1.tlog
E:\LCD\SERVER CLIENT SOURCE 3-20TH2015\SERVER\SUBHELPER\SUBHELPER___WIN32_WORLD_TOURNAMENT0\CMDINTERPRETER.OBJ
E:\LCD\SERVER CLIENT SOURCE 3-20TH2015\SERVER\SUBHELPER\SUBHELPER___WIN32_WORLD_TOURNAMENT0\CMDINTERPRETER.SBR
E:\LCD\SERVER CLIENT SOURCE 3-20TH2015\SERVER\SUBHELPER\SUBHELPER___WIN32_WORLD_TOURNAMENT0\CMDMSG.OBJ
E:\LCD\SERVER CLIENT SOURCE 3-20TH2015\SERVER\SUBHELPER\SUBHELPER___WIN32_WORLD_TOURNAMENT0\CMDMSG.SBR
E:\LCD\SERVER CLIENT SOURCE 3-20TH2015\SERVER\SUBHELPER\SUBHELPER___WIN32_WORLD_TOURNAMENT0\CONFIGFILE.OBJ
E:\LCD\SERVER CLIENT SOURCE 3-20TH2015\SERVER\SUBHELPER\SUBHELPER___WIN32_WORLD_TOURNAMENT0\CONFIGFILE.SBR
E:\LCD\SERVER CLIENT SOURCE 3-20TH2015\SERVER\SUBHELPER\SUBHELPER___WIN32_WORLD_TOURNAMENT0\DESCRIPTOR.OBJ
E:\LCD\SERVER CLIENT SOURCE 3-20TH2015\SERVER\SUBHELPER\SUBHELPER___WIN32_WORLD_TOURNAMENT0\DESCRIPTOR.SBR
E:\LCD\SERVER CLIENT SOURCE 3-20TH2015\SERVER\SUBHELPER\SUBHELPER___WIN32_WORLD_TOURNAMENT0\DOFUNC.OBJ
E:\LCD\SERVER CLIENT SOURCE 3-20TH2015\SERVER\SUBHELPER\SUBHELPER___WIN32_WORLD_TOURNAMENT0\DOFUNC.SBR
E:\LCD\SERVER CLIENT SOURCE 3-20TH2015\SERVER\SUBHELPER\SUBHELPER___WIN32_WORLD_TOURNAMENT0\DOFUNCCOMMAND.OBJ
E:\LCD\SERVER CLIENT SOURCE 3-20TH2015\SERVER\SUBHELPER\SUBHELPER___WIN32_WORLD_TOURNAMENT0\DOFUNCCOMMAND.SBR
E:\LCD\SERVER CLIENT SOURCE 3-20TH2015\SERVER\SUBHELPER\SUBHELPER___WIN32_WORLD_TOURNAMENT0\DOFUNCNOTICE.OBJ
E:\LCD\SERVER CLIENT SOURCE 3-20TH2015\SERVER\SUBHELPER\SUBHELPER___WIN32_WORLD_TOURNAMENT0\DOFUNCNOTICE.SBR
E:\LCD\SERVER CLIENT SOURCE 3-20TH2015\SERVER\SUBHELPER\SUBHELPER___WIN32_WORLD_TOURNAMENT0\DOFUNCTRADEAGENT.OBJ
E:\LCD\SERVER CLIENT SOURCE 3-20TH2015\SERVER\SUBHELPER\SUBHELPER___WIN32_WORLD_TOURNAMENT0\DOFUNCTRADEAGENT.SBR
E:\LCD\Server Client Source 3-20th2015\Server\SubHelper\SubHelper___Win32_WORLD_TOURNAMENT0\link.18056.read.1.tlog
E:\LCD\Server Client Source 3-20th2015\Server\SubHelper\SubHelper___Win32_WORLD_TOURNAMENT0\link.18056.write.1.tlog
E:\LCD\Server Client Source 3-20th2015\Server\SubHelper\SubHelper___Win32_WORLD_TOURNAMENT0\link.24196.read.1.tlog
E:\LCD\Server Client Source 3-20th2015\Server\SubHelper\SubHelper___Win32_WORLD_TOURNAMENT0\link.24196.write.1.tlog
E:\LCD\Server Client Source 3-20th2015\Server\SubHelper\SubHelper___Win32_WORLD_TOURNAMENT0\link.25864.read.1.tlog
E:\LCD\Server Client Source 3-20th2015\Server\SubHelper\SubHelper___Win32_WORLD_TOURNAMENT0\link.25864.write.1.tlog
E:\LCD\Server Client Source 3-20th2015\Server\SubHelper\SubHelper___Win32_WORLD_TOURNAMENT0\link.26536.read.1.tlog
E:\LCD\Server Client Source 3-20th2015\Server\SubHelper\SubHelper___Win32_WORLD_TOURNAMENT0\link.26536.write.1.tlog
E:\LCD\Server Client Source 3-20th2015\Server\SubHelper\SubHelper___Win32_WORLD_TOURNAMENT0\link.command.1.tlog
E:\LCD\Server Client Source 3-20th2015\Server\SubHelper\SubHelper___Win32_WORLD_TOURNAMENT0\link.read.1.tlog
E:\LCD\Server Client Source 3-20th2015\Server\SubHelper\SubHelper___Win32_WORLD_TOURNAMENT0\link.write.1.tlog
E:\LCD\Server Client Source 3-20th2015\Server\SubHelper\SubHelper___Win32_WORLD_TOURNAMENT0\link-cvtres.read.1.tlog
E:\LCD\Server Client Source 3-20th2015\Server\SubHelper\SubHelper___Win32_WORLD_TOURNAMENT0\link-cvtres.write.1.tlog
E:\LCD\SERVER CLIENT SOURCE 3-20TH2015\SERVER\SUBHELPER\SUBHELPER___WIN32_WORLD_TOURNAMENT0\LOG.OBJ
E:\LCD\SERVER CLIENT SOURCE 3-20TH2015\SERVER\SUBHELPER\SUBHELPER___WIN32_WORLD_TOURNAMENT0\LOG.SBR
E:\LCD\SERVER CLIENT SOURCE 3-20TH2015\SERVER\SUBHELPER\SUBHELPER___WIN32_WORLD_TOURNAMENT0\MESSENGERINSUBHELPER.OBJ
E:\LCD\SERVER CLIENT SOURCE 3-20TH2015\SERVER\SUBHELPER\SUBHELPER___WIN32_WORLD_TOURNAMENT0\MESSENGERINSUBHELPER.SBR
E:\LCD\SERVER CLIENT SOURCE 3-20TH2015\SERVER\SUBHELPER\SUBHELPER___WIN32_WORLD_TOURNAMENT0\NOTICESYSTEMAGENT.OBJ
E:\LCD\SERVER CLIENT SOURCE 3-20TH2015\SERVER\SUBHELPER\SUBHELPER___WIN32_WORLD_TOURNAMENT0\NOTICESYSTEMAGENT.SBR
E:\LCD\SERVER CLIENT SOURCE 3-20TH2015\SERVER\SUBHELPER\SUBHELPER___WIN32_WORLD_TOURNAMENT0\RANKINGSYSTEM.OBJ
E:\LCD\SERVER CLIENT SOURCE 3-20TH2015\SERVER\SUBHELPER\SUBHELPER___WIN32_WORLD_TOURNAMENT0\RANKINGSYSTEM.SBR
E:\LCD\Server Client Source 3-20th2015\Server\SubHelper\SubHelper___Win32_WORLD_TOURNAMENT0\rc.command.1.tlog
E:\LCD\Server Client Source 3-20th2015\Server\SubHelper\SubHelper___Win32_WORLD_TOURNAMENT0\rc.read.1.tlog
E:\LCD\Server Client Source 3-20th2015\Server\SubHelper\SubHelper___Win32_WORLD_TOURNAMENT0\rc.write.1.tlog
E:\LCD\SERVER CLIENT SOURCE 3-20TH2015\SERVER\SUBHELPER\SUBHELPER___WIN32_WORLD_TOURNAMENT0\RESERVEDGMCOMMANDMANAGER.OBJ
E:\LCD\SERVER CLIENT SOURCE 3-20TH2015\SERVER\SUBHELPER\SUBHELPER___WIN32_WORLD_TOURNAMENT0\RESERVEDGMCOMMANDMANAGER.SBR
E:\LCD\SERVER CLIENT SOURCE 3-20TH2015\SERVER\SUBHELPER\SUBHELPER___WIN32_WORLD_TOURNAMENT0\SERVER.OBJ
E:\LCD\SERVER CLIENT SOURCE 3-20TH2015\SERVER\SUBHELPER\SUBHELPER___WIN32_WORLD_TOURNAMENT0\SERVER.SBR
E:\LCD\SERVER CLIENT SOURCE 3-20TH2015\SERVER\SUBHELPER\SUBHELPER___WIN32_WORLD_TOURNAMENT0\SERVERRUN.OBJ
E:\LCD\SERVER CLIENT SOURCE 3-20TH2015\SERVER\SUBHELPER\SUBHELPER___WIN32_WORLD_TOURNAMENT0\SERVERRUN.SBR
E:\LCD\Server Client Source 3-20th2015\Server\SubHelper\SubHelper___Win32_WORLD_TOURNAMENT0\SubHelper.exe.embed.manifest
E:\LCD\SERVER CLIENT SOURCE 3-20TH2015\SERVER\SUBHELPER\SUBHELPER___WIN32_WORLD_TOURNAMENT0\SUBHELPER.EXE.EMBED.MANIFEST.RES
E:\LCD\Server Client Source 3-20th2015\Server\SubHelper\SubHelper___Win32_WORLD_TOURNAMENT0\SubHelper.exe.intermediate.manifest
E:\LCD\SERVER CLIENT SOURCE 3-20TH2015\SERVER\SUBHELPER\SUBHELPER___WIN32_WORLD_TOURNAMENT0\SUBHELPER.OBJ
E:\LCD\Server Client Source 3-20th2015\Server\SubHelper\SubHelper___Win32_WORLD_TOURNAMENT0\SubHelper.pdb
E:\LCD\SERVER CLIENT SOURCE 3-20TH2015\SERVER\SUBHELPER\SUBHELPER___WIN32_WORLD_TOURNAMENT0\SUBHELPER.SBR
E:\LCD\Server Client Source 3-20th2015\Server\SubHelper\SubHelper___Win32_WORLD_TOURNAMENT0\SubHelper.vcxprojResolveAssemblyReference.cache
E:\LCD\Server Client Source 3-20th2015\Server\SubHelper\SubHelper___Win32_WORLD_TOURNAMENT0\SubHelper.write.1.tlog
E:\LCD\Server Client Source 3-20th2015\Server\SubHelper\SubHelper___Win32_WORLD_TOURNAMENT0\SubHelper_manifest.rc
E:\LCD\SERVER CLIENT SOURCE 3-20TH2015\SERVER\SUBHELPER\SUBHELPER___WIN32_WORLD_TOURNAMENT0\USERNOTICE.OBJ
E:\LCD\SERVER CLIENT SOURCE 3-20TH2015\SERVER\SUBHELPER\SUBHELPER___WIN32_WORLD_TOURNAMENT0\USERNOTICE.SBR
E:\LCD\SERVER CLIENT SOURCE 3-20TH2015\SERVER\SUBHELPER\SUBHELPER___WIN32_WORLD_TOURNAMENT0\UTILS.OBJ
E:\LCD\SERVER CLIENT SOURCE 3-20TH2015\SERVER\SUBHELPER\SUBHELPER___WIN32_WORLD_TOURNAMENT0\UTILS.SBR
E:\LCD\Server Client Source 3-20th2015\Server\SubHelper\SubHelper___Win32_WORLD_TOURNAMENT0\vc100.idb
E:\LCD\SERVER CLIENT SOURCE 3-20TH2015\SERVER\SUBHELPER\SUBHELPER___WIN32_WORLD_TOURNAMENT0\VC100.PDB
