E:\LCD\SERVER CLIENT SOURCE 3-20TH2015\SERVER\GAMESERVER\USA\AFFINITY.OBJ
E:\LCD\SERVER CLIENT SOURCE 3-20TH2015\SERVER\GAMESERVER\USA\APET.OBJ
E:\LCD\SERVER CLIENT SOURCE 3-20TH2015\SERVER\GAMESERVER\USA\APETPROTO.OBJ
E:\LCD\SERVER CLIENT SOURCE 3-20TH2015\SERVER\GAMESERVER\USA\ARTIFACT_MANAGER.OBJ
E:\LCD\SERVER CLIENT SOURCE 3-20TH2015\SERVER\GAMESERVER\USA\ATTENDANCEMANAGER.OBJ
E:\LCD\SERVER CLIENT SOURCE 3-20TH2015\SERVER\GAMESERVER\USA\BATTLE_PROCDEAD_APET.OBJ
E:\LCD\SERVER CLIENT SOURCE 3-20TH2015\SERVER\GAMESERVER\USA\CONNECTORINGAME.OBJ
E:\LCD\SERVER CLIENT SOURCE 3-20TH2015\SERVER\GAMESERVER\USA\DBMANAGER.OBJ
E:\LCD\SERVER CLIENT SOURCE 3-20TH2015\SERVER\GAMESERVER\USA\DBMANAGER_SAVECHARACTERINFO.OBJ
E:\LCD\SERVER CLIENT SOURCE 3-20TH2015\SERVER\GAMESERVER\USA\DBPROCESS_CREATECHAR.OBJ
E:\LCD\SERVER CLIENT SOURCE 3-20TH2015\SERVER\GAMESERVER\USA\DBPROCESS_SAVECHAR.OBJ
E:\LCD\SERVER CLIENT SOURCE 3-20TH2015\SERVER\GAMESERVER\USA\DBPROCESS_SELECTCHAR.OBJ
E:\LCD\SERVER CLIENT SOURCE 3-20TH2015\SERVER\GAMESERVER\USA\DESCMANAGER.OBJ
E:\LCD\SERVER CLIENT SOURCE 3-20TH2015\SERVER\GAMESERVER\USA\DOFUNCAFFINITY.OBJ
E:\LCD\SERVER CLIENT SOURCE 3-20TH2015\SERVER\GAMESERVER\USA\DOFUNCDURABILITY.OBJ
E:\LCD\SERVER CLIENT SOURCE 3-20TH2015\SERVER\GAMESERVER\USA\DOFUNCEXAPET.OBJ
E:\LCD\SERVER CLIENT SOURCE 3-20TH2015\SERVER\GAMESERVER\USA\DOFUNCEXCASTLLAN.OBJ
E:\LCD\SERVER CLIENT SOURCE 3-20TH2015\SERVER\GAMESERVER\USA\DOFUNCEXPEDITION.OBJ
E:\LCD\SERVER CLIENT SOURCE 3-20TH2015\SERVER\GAMESERVER\USA\DOFUNCEXPRESSSYSTEM.OBJ
E:\LCD\SERVER CLIENT SOURCE 3-20TH2015\SERVER\GAMESERVER\USA\DOFUNCEXSOCKET.OBJ
E:\LCD\SERVER CLIENT SOURCE 3-20TH2015\SERVER\GAMESERVER\USA\DOFUNCEXSUBJOB.OBJ
E:\LCD\SERVER CLIENT SOURCE 3-20TH2015\SERVER\GAMESERVER\USA\DOFUNCEXTREMECUBE.OBJ
E:\LCD\SERVER CLIENT SOURCE 3-20TH2015\SERVER\GAMESERVER\USA\DOFUNCFACTORY.OBJ
E:\LCD\SERVER CLIENT SOURCE 3-20TH2015\SERVER\GAMESERVER\USA\DOFUNCGPS.OBJ
E:\LCD\SERVER CLIENT SOURCE 3-20TH2015\SERVER\GAMESERVER\USA\DOFUNCITEM_USECASHITEM.OBJ
E:\LCD\SERVER CLIENT SOURCE 3-20TH2015\SERVER\GAMESERVER\USA\DOFUNCITEMCOLLECTION.OBJ
E:\LCD\SERVER CLIENT SOURCE 3-20TH2015\SERVER\GAMESERVER\USA\DOFUNCMONSTERCOMBO.OBJ
E:\LCD\SERVER CLIENT SOURCE 3-20TH2015\SERVER\GAMESERVER\USA\DOFUNCPETSTASH.OBJ
E:\LCD\SERVER CLIENT SOURCE 3-20TH2015\SERVER\GAMESERVER\USA\DOFUNCPREMIUMCHAR.OBJ
E:\LCD\SERVER CLIENT SOURCE 3-20TH2015\SERVER\GAMESERVER\USA\DOFUNCRAID.OBJ
E:\LCD\SERVER CLIENT SOURCE 3-20TH2015\SERVER\GAMESERVER\USA\DOFUNCREFORMSYSTEM.OBJ
E:\LCD\SERVER CLIENT SOURCE 3-20TH2015\SERVER\GAMESERVER\USA\DOFUNCREPORT.OBJ
E:\LCD\SERVER CLIENT SOURCE 3-20TH2015\SERVER\GAMESERVER\USA\DOFUNCRESERVEDGMCOMMAND.OBJ
E:\LCD\SERVER CLIENT SOURCE 3-20TH2015\SERVER\GAMESERVER\USA\DOFUNCRVR.OBJ
E:\LCD\SERVER CLIENT SOURCE 3-20TH2015\SERVER\GAMESERVER\USA\DOFUNCTRADEAGENT.OBJ
E:\LCD\SERVER CLIENT SOURCE 3-20TH2015\SERVER\GAMESERVER\USA\DOFUNCTRIGEREVENT.OBJ
E:\LCD\SERVER CLIENT SOURCE 3-20TH2015\SERVER\GAMESERVER\USA\DRATANCASTLE.OBJ
E:\LCD\SERVER CLIENT SOURCE 3-20TH2015\SERVER\GAMESERVER\USA\DROPITEM.OBJ
E:\LCD\SERVER CLIENT SOURCE 3-20TH2015\SERVER\GAMESERVER\USA\EQUIPEXCHANGEEXTEND.OBJ
E:\LCD\SERVER CLIENT SOURCE 3-20TH2015\SERVER\GAMESERVER\USA\EVENTAUTOMATION.OBJ
E:\LCD\SERVER CLIENT SOURCE 3-20TH2015\SERVER\GAMESERVER\USA\EVENTPROCESSWITHTHREAD.OBJ
E:\LCD\SERVER CLIENT SOURCE 3-20TH2015\SERVER\GAMESERVER\USA\EXPEDITION.OBJ
E:\LCD\SERVER CLIENT SOURCE 3-20TH2015\SERVER\GAMESERVER\USA\EXTREMECUBE.OBJ
E:\LCD\SERVER CLIENT SOURCE 3-20TH2015\SERVER\GAMESERVER\USA\FACTORY.OBJ
E:\LCD\SERVER CLIENT SOURCE 3-20TH2015\SERVER\GAMESERVER\USA\FORTUNE_SYSTEM.OBJ
E:\LCD\SERVER CLIENT SOURCE 3-20TH2015\SERVER\GAMESERVER\USA\GMCMDLIST.OBJ
E:\LCD\SERVER CLIENT SOURCE 3-20TH2015\SERVER\GAMESERVER\USA\GPSDATAMANAGER.OBJ
E:\LCD\SERVER CLIENT SOURCE 3-20TH2015\SERVER\GAMESERVER\USA\GPSMANAGER.OBJ
E:\LCD\SERVER CLIENT SOURCE 3-20TH2015\SERVER\GAMESERVER\USA\GUILDKICK.OBJ
E:\LCD\SERVER CLIENT SOURCE 3-20TH2015\SERVER\GAMESERVER\USA\HELPERINGAME.OBJ
E:\LCD\SERVER CLIENT SOURCE 3-20TH2015\SERVER\GAMESERVER\USA\HEXADUMP4XTRAP.OBJ
E:\LCD\SERVER CLIENT SOURCE 3-20TH2015\SERVER\GAMESERVER\USA\HOLYWATERDATA.OBJ
E:\LCD\SERVER CLIENT SOURCE 3-20TH2015\SERVER\GAMESERVER\USA\INTERGRATIONSERVER.OBJ
E:\LCD\SERVER CLIENT SOURCE 3-20TH2015\SERVER\GAMESERVER\USA\INVENTORYMANAGER.OBJ
E:\LCD\SERVER CLIENT SOURCE 3-20TH2015\SERVER\GAMESERVER\USA\ITEMCOLLECTION.OBJ
E:\LCD\SERVER CLIENT SOURCE 3-20TH2015\SERVER\GAMESERVER\USA\ITEMEXCHANGEPROTO.OBJ
E:\LCD\SERVER CLIENT SOURCE 3-20TH2015\SERVER\GAMESERVER\USA\JEWELDATA.OBJ
E:\LCD\SERVER CLIENT SOURCE 3-20TH2015\SERVER\GAMESERVER\USA\JUMPINGSYSTEM.OBJ
E:\LCD\SERVER CLIENT SOURCE 3-20TH2015\SERVER\GAMESERVER\USA\LACARETTE.OBJ
E:\LCD\SERVER CLIENT SOURCE 3-20TH2015\SERVER\GAMESERVER\USA\LUCKYDRAWBOX.OBJ
E:\LCD\SERVER CLIENT SOURCE 3-20TH2015\SERVER\GAMESERVER\USA\MESSENGERINGAME.OBJ
E:\LCD\SERVER CLIENT SOURCE 3-20TH2015\SERVER\GAMESERVER\USA\MONSTERCOMBO.OBJ
E:\LCD\SERVER CLIENT SOURCE 3-20TH2015\SERVER\GAMESERVER\USA\MONSTERMERCENARY.OBJ
E:\LCD\SERVER CLIENT SOURCE 3-20TH2015\SERVER\GAMESERVER\USA\NOTICE.OBJ
E:\LCD\SERVER CLIENT SOURCE 3-20TH2015\SERVER\GAMESERVER\USA\PARTY_RECALL_MANAGER.OBJ
E:\LCD\SERVER CLIENT SOURCE 3-20TH2015\SERVER\GAMESERVER\USA\PCLIST.OBJ
E:\LCD\SERVER CLIENT SOURCE 3-20TH2015\SERVER\GAMESERVER\USA\PETSTASHMANAGER.OBJ
E:\LCD\SERVER CLIENT SOURCE 3-20TH2015\SERVER\GAMESERVER\USA\PREMIUMCHAR.OBJ
E:\LCD\SERVER CLIENT SOURCE 3-20TH2015\SERVER\GAMESERVER\USA\PROCSUBHELPERMSG.OBJ
E:\LCD\SERVER CLIENT SOURCE 3-20TH2015\SERVER\GAMESERVER\USA\PRODUCT.OBJ
E:\LCD\SERVER CLIENT SOURCE 3-20TH2015\SERVER\GAMESERVER\USA\PRODUCTMANAGER.OBJ
E:\LCD\SERVER CLIENT SOURCE 3-20TH2015\SERVER\GAMESERVER\USA\PROMOTION2EVENT.OBJ
E:\LCD\SERVER CLIENT SOURCE 3-20TH2015\SERVER\GAMESERVER\USA\PUZZLEGAME.OBJ
E:\LCD\SERVER CLIENT SOURCE 3-20TH2015\SERVER\GAMESERVER\USA\RAIDDATA.OBJ
E:\LCD\SERVER CLIENT SOURCE 3-20TH2015\SERVER\GAMESERVER\USA\REWARD.OBJ
E:\LCD\SERVER CLIENT SOURCE 3-20TH2015\SERVER\GAMESERVER\USA\REWARDEVNETITEMMANAGER.OBJ
E:\LCD\SERVER CLIENT SOURCE 3-20TH2015\SERVER\GAMESERVER\USA\ROCKPAPERSCISSORSGAME.OBJ
E:\LCD\SERVER CLIENT SOURCE 3-20TH2015\SERVER\GAMESERVER\USA\ROCKPAPERSCISSORSINFO.OBJ
E:\LCD\SERVER CLIENT SOURCE 3-20TH2015\SERVER\GAMESERVER\USA\ROCKPAPERSCISSORSPROB.OBJ
E:\LCD\SERVER CLIENT SOURCE 3-20TH2015\SERVER\GAMESERVER\USA\SERVERTIMER.OBJ
E:\LCD\SERVER CLIENT SOURCE 3-20TH2015\SERVER\GAMESERVER\USA\SETITEMPROTO.OBJ
E:\LCD\SERVER CLIENT SOURCE 3-20TH2015\SERVER\GAMESERVER\USA\SUBHELPERINGAME.OBJ
E:\LCD\SERVER CLIENT SOURCE 3-20TH2015\SERVER\GAMESERVER\USA\SYNDICATEINFODATAMANAGER.OBJ
E:\LCD\SERVER CLIENT SOURCE 3-20TH2015\SERVER\GAMESERVER\USA\SYNDICATEMANAGER.OBJ
E:\LCD\SERVER CLIENT SOURCE 3-20TH2015\SERVER\GAMESERVER\USA\TIMERITEMMANAGER.OBJ
E:\LCD\SERVER CLIENT SOURCE 3-20TH2015\SERVER\GAMESERVER\USA\TITLESYSTEM.OBJ
E:\LCD\SERVER CLIENT SOURCE 3-20TH2015\SERVER\GAMESERVER\USA\TRIGERSET.OBJ
E:\LCD\SERVER CLIENT SOURCE 3-20TH2015\SERVER\GAMESERVER\USA\VC100.PDB
E:\LCD\SERVER CLIENT SOURCE 3-20TH2015\SERVER\GAMESERVER\USA\WARGROUND.OBJ
E:\LCD\SERVER CLIENT SOURCE 3-20TH2015\SERVER\GAMESERVER\USA\WEARINVENMANAGER.OBJ
E:\LCD\SERVER CLIENT SOURCE 3-20TH2015\SERVER\GAMESERVER\USA\XTRAP4SERVER.OBJ
E:\LCD\SERVER CLIENT SOURCE 3-20TH2015\SERVER\USA\AFFINITY.SBR
E:\LCD\SERVER CLIENT SOURCE 3-20TH2015\SERVER\USA\APET.SBR
E:\LCD\SERVER CLIENT SOURCE 3-20TH2015\SERVER\USA\APETPROTO.SBR
E:\LCD\SERVER CLIENT SOURCE 3-20TH2015\SERVER\USA\ARTIFACT_MANAGER.SBR
E:\LCD\SERVER CLIENT SOURCE 3-20TH2015\SERVER\USA\ATTENDANCEMANAGER.SBR
E:\LCD\SERVER CLIENT SOURCE 3-20TH2015\SERVER\USA\BATTLE_PROCDEAD_APET.SBR
E:\LCD\Server Client Source 3-20th2015\Server\USA\cl.command.1.tlog
E:\LCD\Server Client Source 3-20th2015\Server\USA\CL.read.1.tlog
E:\LCD\Server Client Source 3-20th2015\Server\USA\CL.write.1.tlog
E:\LCD\SERVER CLIENT SOURCE 3-20TH2015\SERVER\USA\CONNECTORINGAME.SBR
E:\LCD\SERVER CLIENT SOURCE 3-20TH2015\SERVER\USA\DBMANAGER.SBR
E:\LCD\SERVER CLIENT SOURCE 3-20TH2015\SERVER\USA\DBMANAGER_SAVECHARACTERINFO.SBR
E:\LCD\SERVER CLIENT SOURCE 3-20TH2015\SERVER\USA\DBPROCESS_CREATECHAR.SBR
E:\LCD\SERVER CLIENT SOURCE 3-20TH2015\SERVER\USA\DBPROCESS_SAVECHAR.SBR
E:\LCD\SERVER CLIENT SOURCE 3-20TH2015\SERVER\USA\DBPROCESS_SELECTCHAR.SBR
E:\LCD\SERVER CLIENT SOURCE 3-20TH2015\SERVER\USA\DESCMANAGER.SBR
E:\LCD\SERVER CLIENT SOURCE 3-20TH2015\SERVER\USA\DOFUNCAFFINITY.SBR
E:\LCD\SERVER CLIENT SOURCE 3-20TH2015\SERVER\USA\DOFUNCDURABILITY.SBR
E:\LCD\SERVER CLIENT SOURCE 3-20TH2015\SERVER\USA\DOFUNCEXAPET.SBR
E:\LCD\SERVER CLIENT SOURCE 3-20TH2015\SERVER\USA\DOFUNCEXCASTLLAN.SBR
E:\LCD\SERVER CLIENT SOURCE 3-20TH2015\SERVER\USA\DOFUNCEXPEDITION.SBR
E:\LCD\SERVER CLIENT SOURCE 3-20TH2015\SERVER\USA\DOFUNCEXPRESSSYSTEM.SBR
E:\LCD\SERVER CLIENT SOURCE 3-20TH2015\SERVER\USA\DOFUNCEXSOCKET.SBR
E:\LCD\SERVER CLIENT SOURCE 3-20TH2015\SERVER\USA\DOFUNCEXSUBJOB.SBR
E:\LCD\SERVER CLIENT SOURCE 3-20TH2015\SERVER\USA\DOFUNCEXTREMECUBE.SBR
E:\LCD\SERVER CLIENT SOURCE 3-20TH2015\SERVER\USA\DOFUNCFACTORY.SBR
E:\LCD\SERVER CLIENT SOURCE 3-20TH2015\SERVER\USA\DOFUNCGPS.SBR
E:\LCD\SERVER CLIENT SOURCE 3-20TH2015\SERVER\USA\DOFUNCITEM_USECASHITEM.SBR
E:\LCD\SERVER CLIENT SOURCE 3-20TH2015\SERVER\USA\DOFUNCITEMCOLLECTION.SBR
E:\LCD\SERVER CLIENT SOURCE 3-20TH2015\SERVER\USA\DOFUNCMONSTERCOMBO.SBR
E:\LCD\SERVER CLIENT SOURCE 3-20TH2015\SERVER\USA\DOFUNCPETSTASH.SBR
E:\LCD\SERVER CLIENT SOURCE 3-20TH2015\SERVER\USA\DOFUNCPREMIUMCHAR.SBR
E:\LCD\SERVER CLIENT SOURCE 3-20TH2015\SERVER\USA\DOFUNCRAID.SBR
E:\LCD\SERVER CLIENT SOURCE 3-20TH2015\SERVER\USA\DOFUNCREFORMSYSTEM.SBR
E:\LCD\SERVER CLIENT SOURCE 3-20TH2015\SERVER\USA\DOFUNCREPORT.SBR
E:\LCD\SERVER CLIENT SOURCE 3-20TH2015\SERVER\USA\DOFUNCRESERVEDGMCOMMAND.SBR
E:\LCD\SERVER CLIENT SOURCE 3-20TH2015\SERVER\USA\DOFUNCRVR.SBR
E:\LCD\SERVER CLIENT SOURCE 3-20TH2015\SERVER\USA\DOFUNCTRADEAGENT.SBR
E:\LCD\SERVER CLIENT SOURCE 3-20TH2015\SERVER\USA\DOFUNCTRIGEREVENT.SBR
E:\LCD\SERVER CLIENT SOURCE 3-20TH2015\SERVER\USA\DRATANCASTLE.SBR
E:\LCD\SERVER CLIENT SOURCE 3-20TH2015\SERVER\USA\DROPITEM.SBR
E:\LCD\SERVER CLIENT SOURCE 3-20TH2015\SERVER\USA\EQUIPEXCHANGEEXTEND.SBR
E:\LCD\SERVER CLIENT SOURCE 3-20TH2015\SERVER\USA\EVENTAUTOMATION.SBR
E:\LCD\SERVER CLIENT SOURCE 3-20TH2015\SERVER\USA\EVENTPROCESSWITHTHREAD.SBR
E:\LCD\SERVER CLIENT SOURCE 3-20TH2015\SERVER\USA\EXPEDITION.SBR
E:\LCD\SERVER CLIENT SOURCE 3-20TH2015\SERVER\USA\EXTREMECUBE.SBR
E:\LCD\SERVER CLIENT SOURCE 3-20TH2015\SERVER\USA\FACTORY.SBR
E:\LCD\SERVER CLIENT SOURCE 3-20TH2015\SERVER\USA\FORTUNE_SYSTEM.SBR
E:\LCD\Server Client Source 3-20th2015\Server\USA\GameServer.vcxprojResolveAssemblyReference.cache
E:\LCD\Server Client Source 3-20th2015\Server\USA\GameServer.write.1.tlog
E:\LCD\SERVER CLIENT SOURCE 3-20TH2015\SERVER\USA\GMCMDLIST.SBR
E:\LCD\SERVER CLIENT SOURCE 3-20TH2015\SERVER\USA\GPSDATAMANAGER.SBR
E:\LCD\SERVER CLIENT SOURCE 3-20TH2015\SERVER\USA\GPSMANAGER.SBR
E:\LCD\SERVER CLIENT SOURCE 3-20TH2015\SERVER\USA\GUILDKICK.SBR
E:\LCD\SERVER CLIENT SOURCE 3-20TH2015\SERVER\USA\HELPERINGAME.SBR
E:\LCD\SERVER CLIENT SOURCE 3-20TH2015\SERVER\USA\HEXADUMP4XTRAP.SBR
E:\LCD\SERVER CLIENT SOURCE 3-20TH2015\SERVER\USA\HOLYWATERDATA.SBR
E:\LCD\SERVER CLIENT SOURCE 3-20TH2015\SERVER\USA\INTERGRATIONSERVER.SBR
E:\LCD\SERVER CLIENT SOURCE 3-20TH2015\SERVER\USA\INVENTORYMANAGER.SBR
E:\LCD\SERVER CLIENT SOURCE 3-20TH2015\SERVER\USA\ITEMCOLLECTION.SBR
E:\LCD\SERVER CLIENT SOURCE 3-20TH2015\SERVER\USA\ITEMEXCHANGEPROTO.SBR
E:\LCD\SERVER CLIENT SOURCE 3-20TH2015\SERVER\USA\JEWELDATA.SBR
E:\LCD\SERVER CLIENT SOURCE 3-20TH2015\SERVER\USA\JUMPINGSYSTEM.SBR
E:\LCD\SERVER CLIENT SOURCE 3-20TH2015\SERVER\USA\LACARETTE.SBR
E:\LCD\SERVER CLIENT SOURCE 3-20TH2015\SERVER\USA\LUCKYDRAWBOX.SBR
E:\LCD\SERVER CLIENT SOURCE 3-20TH2015\SERVER\USA\MESSENGERINGAME.SBR
E:\LCD\SERVER CLIENT SOURCE 3-20TH2015\SERVER\USA\MONSTERCOMBO.SBR
E:\LCD\SERVER CLIENT SOURCE 3-20TH2015\SERVER\USA\MONSTERMERCENARY.SBR
E:\LCD\SERVER CLIENT SOURCE 3-20TH2015\SERVER\USA\NOTICE.SBR
E:\LCD\SERVER CLIENT SOURCE 3-20TH2015\SERVER\USA\PARTY_RECALL_MANAGER.SBR
E:\LCD\SERVER CLIENT SOURCE 3-20TH2015\SERVER\USA\PCLIST.SBR
E:\LCD\SERVER CLIENT SOURCE 3-20TH2015\SERVER\USA\PETSTASHMANAGER.SBR
E:\LCD\SERVER CLIENT SOURCE 3-20TH2015\SERVER\USA\PREMIUMCHAR.SBR
E:\LCD\SERVER CLIENT SOURCE 3-20TH2015\SERVER\USA\PROCSUBHELPERMSG.SBR
E:\LCD\SERVER CLIENT SOURCE 3-20TH2015\SERVER\USA\PRODUCT.SBR
E:\LCD\SERVER CLIENT SOURCE 3-20TH2015\SERVER\USA\PRODUCTMANAGER.SBR
E:\LCD\SERVER CLIENT SOURCE 3-20TH2015\SERVER\USA\PROMOTION2EVENT.SBR
E:\LCD\SERVER CLIENT SOURCE 3-20TH2015\SERVER\USA\PUZZLEGAME.SBR
E:\LCD\SERVER CLIENT SOURCE 3-20TH2015\SERVER\USA\RAIDDATA.SBR
E:\LCD\SERVER CLIENT SOURCE 3-20TH2015\SERVER\USA\REWARD.SBR
E:\LCD\SERVER CLIENT SOURCE 3-20TH2015\SERVER\USA\REWARDEVNETITEMMANAGER.SBR
E:\LCD\SERVER CLIENT SOURCE 3-20TH2015\SERVER\USA\ROCKPAPERSCISSORSGAME.SBR
E:\LCD\SERVER CLIENT SOURCE 3-20TH2015\SERVER\USA\ROCKPAPERSCISSORSINFO.SBR
E:\LCD\SERVER CLIENT SOURCE 3-20TH2015\SERVER\USA\ROCKPAPERSCISSORSPROB.SBR
E:\LCD\SERVER CLIENT SOURCE 3-20TH2015\SERVER\USA\SERVERTIMER.SBR
E:\LCD\SERVER CLIENT SOURCE 3-20TH2015\SERVER\USA\SETITEMPROTO.SBR
E:\LCD\SERVER CLIENT SOURCE 3-20TH2015\SERVER\USA\SUBHELPERINGAME.SBR
E:\LCD\SERVER CLIENT SOURCE 3-20TH2015\SERVER\USA\SYNDICATEINFODATAMANAGER.SBR
E:\LCD\SERVER CLIENT SOURCE 3-20TH2015\SERVER\USA\SYNDICATEMANAGER.SBR
E:\LCD\SERVER CLIENT SOURCE 3-20TH2015\SERVER\USA\TIMERITEMMANAGER.SBR
E:\LCD\SERVER CLIENT SOURCE 3-20TH2015\SERVER\USA\TITLESYSTEM.SBR
E:\LCD\SERVER CLIENT SOURCE 3-20TH2015\SERVER\USA\TRIGERSET.SBR
E:\LCD\SERVER CLIENT SOURCE 3-20TH2015\SERVER\USA\WARGROUND.SBR
E:\LCD\SERVER CLIENT SOURCE 3-20TH2015\SERVER\USA\WEARINVENMANAGER.SBR
E:\LCD\SERVER CLIENT SOURCE 3-20TH2015\SERVER\USA\XTRAP4SERVER.SBR
